==== Integer Underflow ====
SWC ID: 101
Severity: High
Contract: MAIN
Function name: _function_0x7adde4ef
PC address: 331
Estimated Gas Usage: 6492 - 26587
The binary subtraction can underflow.
The operands of the subtraction operation are not sufficiently constrained. The subtraction could therefore result in an integer underflow. Prevent the underflow by checking inputs or ensure sure that the underflow is caught by an assertion.
--------------------
Transaction Sequence:

Caller: [CREATOR], data: [CONTRACT CREATION], value: 0x0
Caller: [SOMEGUY], function: unknown, txdata: 0x7adde4ef, value: 0x0

==== Integer Overflow ====
SWC ID: 101
Severity: High
Contract: MAIN
Function name: _function_0xfd10d655
PC address: 471
Estimated Gas Usage: 10788 - 50978
The binary addition can overflow.
The operands of the addition operation are not sufficiently constrained. The addition could therefore result in an integer overflow. Prevent the overflow by checking inputs or ensure sure that the overflow is caught by an assertion.
--------------------
Transaction Sequence:

Caller: [CREATOR], data: [CONTRACT CREATION], value: 0x0
Caller: [CREATOR], function: unknown, txdata: 0x7adde4ef, value: 0x0
Caller: [CREATOR], function: unknown, txdata: 0xfd10d655, value: 0x0

==== Integer Overflow ====
SWC ID: 101
Severity: High
Contract: MAIN
Function name: _function_0x7adde4ef
PC address: 534
Estimated Gas Usage: 11701 - 51891
The binary addition can overflow.
The operands of the addition operation are not sufficiently constrained. The addition could therefore result in an integer overflow. Prevent the overflow by checking inputs or ensure sure that the overflow is caught by an assertion.
--------------------
Transaction Sequence:

Caller: [CREATOR], data: [CONTRACT CREATION], value: 0x0
Caller: [CREATOR], function: unknown, txdata: 0x7adde4ef, value: 0x0
Caller: [CREATOR], function: unknown, txdata: 0x7adde4ef, value: 0x0

==== Integer Overflow ====
SWC ID: 101
Severity: High
Contract: MAIN
Function name: _function_0x7adde4ef
PC address: 536
Estimated Gas Usage: 11701 - 51891
The binary addition can overflow.
The operands of the addition operation are not sufficiently constrained. The addition could therefore result in an integer overflow. Prevent the overflow by checking inputs or ensure sure that the overflow is caught by an assertion.
--------------------
Transaction Sequence:

Caller: [CREATOR], data: [CONTRACT CREATION], value: 0x0
Caller: [CREATOR], function: unknown, txdata: 0x7adde4ef, value: 0x0
Caller: [CREATOR], function: unknown, txdata: 0x7adde4ef, value: 0x0


